#! /usr/bin/vvp
:ivl_version "12.0 (stable)";
:ivl_delay_selection "TYPICAL";
:vpi_time_precision + 0;
:vpi_module "/usr/lib/x86_64-linux-gnu/ivl/system.vpi";
:vpi_module "/usr/lib/x86_64-linux-gnu/ivl/vhdl_sys.vpi";
:vpi_module "/usr/lib/x86_64-linux-gnu/ivl/vhdl_textio.vpi";
:vpi_module "/usr/lib/x86_64-linux-gnu/ivl/v2005_math.vpi";
:vpi_module "/usr/lib/x86_64-linux-gnu/ivl/va_math.vpi";
S_0x56102aa73530 .scope module, "full_adder" "full_adder" 2 1;
 .timescale 0 0;
    .port_info 0 /INPUT 1 "a";
    .port_info 1 /INPUT 1 "b";
    .port_info 2 /INPUT 1 "c";
    .port_info 3 /OUTPUT 1 "sum";
    .port_info 4 /OUTPUT 1 "carry";
o0x7f94d3bea108 .functor BUFZ 1, C4<z>; HiZ drive
o0x7f94d3bea138 .functor BUFZ 1, C4<z>; HiZ drive
L_0x56102aabc4d0 .functor AND 1, o0x7f94d3bea108, o0x7f94d3bea138, C4<1>, C4<1>;
o0x7f94d3bea168 .functor BUFZ 1, C4<z>; HiZ drive
L_0x56102aabc5c0 .functor AND 1, o0x7f94d3bea108, o0x7f94d3bea168, C4<1>, C4<1>;
L_0x56102aabc660 .functor OR 1, L_0x56102aabc4d0, L_0x56102aabc5c0, C4<0>, C4<0>;
L_0x56102aabc7a0 .functor AND 1, o0x7f94d3bea138, o0x7f94d3bea168, C4<1>, C4<1>;
L_0x56102aabc8e0 .functor OR 1, L_0x56102aabc660, L_0x56102aabc7a0, C4<0>, C4<0>;
L_0x56102aabc9f0 .functor XOR 1, o0x7f94d3bea108, o0x7f94d3bea138, C4<0>, C4<0>;
L_0x56102aabcaa0 .functor XOR 1, L_0x56102aabc9f0, o0x7f94d3bea168, C4<0>, C4<0>;
v0x56102aa73740_0 .net *"_ivl_0", 0 0, L_0x56102aabc4d0;  1 drivers
v0x56102aabbc90_0 .net *"_ivl_10", 0 0, L_0x56102aabc9f0;  1 drivers
v0x56102aabbd70_0 .net *"_ivl_2", 0 0, L_0x56102aabc5c0;  1 drivers
v0x56102aabbe60_0 .net *"_ivl_4", 0 0, L_0x56102aabc660;  1 drivers
v0x56102aabbf40_0 .net *"_ivl_6", 0 0, L_0x56102aabc7a0;  1 drivers
v0x56102aabc070_0 .net "a", 0 0, o0x7f94d3bea108;  0 drivers
v0x56102aabc130_0 .net "b", 0 0, o0x7f94d3bea138;  0 drivers
v0x56102aabc1f0_0 .net "c", 0 0, o0x7f94d3bea168;  0 drivers
v0x56102aabc2b0_0 .net "carry", 0 0, L_0x56102aabc8e0;  1 drivers
v0x56102aabc370_0 .net "sum", 0 0, L_0x56102aabcaa0;  1 drivers
# The file index is used to find the file name in the following table.
:file_names 3;
    "N/A";
    "<interactive>";
    "full_adder.v";
